2018-04-04 17:55:37,656 [Worker-0] INFO  c.g.t.t.d.PublishedGradleVersions - Gradle version information cache is out-of-date. Trying to update.
2018-04-04 17:56:09,370 [Worker-12] INFO  o.e.m.c.i.l.LifecycleMappingFactory - Using NULL lifecycle mapping for MavenProject: org.jenkins-ci.main:pom:1.610-SNAPSHOT @ /Users/BlakeSwaidner/Desktop/mp4/jenkins/pom.xml.
2018-04-04 17:56:12,320 [Worker-12] INFO  o.e.m.c.i.e.AbstractTransferListenerAdapter - Downloading http://repo.jenkins-ci.org/public/org/apache/maven/plugins/maven-deploy-plugin/2.7/maven-deploy-plugin-2.7.jar
2018-04-04 17:56:12,477 [Worker-12] INFO  o.e.m.c.i.e.AbstractTransferListenerAdapter - Downloaded http://repo.jenkins-ci.org/public/org/apache/maven/plugins/maven-deploy-plugin/2.7/maven-deploy-plugin-2.7.jar
2018-04-04 17:56:12,577 [Worker-12] INFO  o.e.m.c.i.e.AbstractTransferListenerAdapter - Downloading http://repo.jenkins-ci.org/public/org/apache/maven/plugins/maven-site-plugin/3.1/maven-site-plugin-3.1.jar
2018-04-04 17:56:12,685 [Worker-12] INFO  o.e.m.c.i.e.AbstractTransferListenerAdapter - Downloaded http://repo.jenkins-ci.org/public/org/apache/maven/plugins/maven-site-plugin/3.1/maven-site-plugin-3.1.jar
2018-04-04 17:56:13,052 [Worker-12] INFO  o.e.m.c.i.l.LifecycleMappingFactory - Using org.eclipse.m2e.jdt.JarLifecycleMapping lifecycle mapping for MavenProject: org.jenkins-ci.main:jenkins-core:1.610-SNAPSHOT @ /Users/BlakeSwaidner/Desktop/mp4/jenkins/core/pom.xml.
2018-04-04 17:56:13,831 [Worker-12] INFO  o.e.m.c.i.l.LifecycleMappingFactory - Using org.eclipse.m2e.jdt.JarLifecycleMapping lifecycle mapping for MavenProject: org.jenkins-ci.main:jenkins-war:1.610-SNAPSHOT @ /Users/BlakeSwaidner/Desktop/mp4/jenkins/war/pom.xml.
2018-04-04 17:56:14,169 [Worker-12] INFO  o.e.m.c.i.e.AbstractTransferListenerAdapter - Downloading http://repo.jenkins-ci.org/public/org/sonatype/sisu/inject/guice-bean-containers/2.3.0/guice-bean-containers-2.3.0.pom
2018-04-04 17:56:14,236 [Worker-12] INFO  o.e.m.c.i.e.AbstractTransferListenerAdapter - Downloaded http://repo.jenkins-ci.org/public/org/sonatype/sisu/inject/guice-bean-containers/2.3.0/guice-bean-containers-2.3.0.pom
2018-04-04 17:56:14,300 [Worker-12] INFO  o.e.m.c.i.e.AbstractTransferListenerAdapter - Downloading http://repo.jenkins-ci.org/public/org/sonatype/sisu/inject/guice-bean-reflect/2.3.0/guice-bean-reflect-2.3.0.pom
2018-04-04 17:56:14,360 [Worker-12] INFO  o.e.m.c.i.e.AbstractTransferListenerAdapter - Downloaded http://repo.jenkins-ci.org/public/org/sonatype/sisu/inject/guice-bean-reflect/2.3.0/guice-bean-reflect-2.3.0.pom
2018-04-04 17:56:14,421 [Worker-12] INFO  o.e.m.c.i.e.AbstractTransferListenerAdapter - Downloading http://repo.jenkins-ci.org/public/org/sonatype/sisu/inject/guice-bean-inject/2.3.0/guice-bean-inject-2.3.0.pom
2018-04-04 17:56:14,480 [Worker-12] INFO  o.e.m.c.i.e.AbstractTransferListenerAdapter - Downloaded http://repo.jenkins-ci.org/public/org/sonatype/sisu/inject/guice-bean-inject/2.3.0/guice-bean-inject-2.3.0.pom
2018-04-04 17:56:14,540 [Worker-12] INFO  o.e.m.c.i.e.AbstractTransferListenerAdapter - Downloading http://repo.jenkins-ci.org/public/org/sonatype/sisu/inject/guice-bean-locators/2.3.0/guice-bean-locators-2.3.0.pom
2018-04-04 17:56:14,597 [Worker-12] INFO  o.e.m.c.i.e.AbstractTransferListenerAdapter - Downloaded http://repo.jenkins-ci.org/public/org/sonatype/sisu/inject/guice-bean-locators/2.3.0/guice-bean-locators-2.3.0.pom
2018-04-04 17:56:14,658 [Worker-12] INFO  o.e.m.c.i.e.AbstractTransferListenerAdapter - Downloading http://repo.jenkins-ci.org/public/org/sonatype/sisu/inject/guice-bean-binders/2.3.0/guice-bean-binders-2.3.0.pom
2018-04-04 17:56:14,717 [Worker-12] INFO  o.e.m.c.i.e.AbstractTransferListenerAdapter - Downloaded http://repo.jenkins-ci.org/public/org/sonatype/sisu/inject/guice-bean-binders/2.3.0/guice-bean-binders-2.3.0.pom
2018-04-04 17:56:14,777 [Worker-12] INFO  o.e.m.c.i.e.AbstractTransferListenerAdapter - Downloading http://repo.jenkins-ci.org/public/org/sonatype/sisu/inject/guice-bean-scanners/2.3.0/guice-bean-scanners-2.3.0.pom
2018-04-04 17:56:14,835 [Worker-12] INFO  o.e.m.c.i.e.AbstractTransferListenerAdapter - Downloaded http://repo.jenkins-ci.org/public/org/sonatype/sisu/inject/guice-bean-scanners/2.3.0/guice-bean-scanners-2.3.0.pom
2018-04-04 17:56:14,895 [Worker-12] INFO  o.e.m.c.i.e.AbstractTransferListenerAdapter - Downloading http://repo.jenkins-ci.org/public/org/sonatype/sisu/inject/guice-bean-converters/2.3.0/guice-bean-converters-2.3.0.pom
2018-04-04 17:56:14,953 [Worker-12] INFO  o.e.m.c.i.e.AbstractTransferListenerAdapter - Downloaded http://repo.jenkins-ci.org/public/org/sonatype/sisu/inject/guice-bean-converters/2.3.0/guice-bean-converters-2.3.0.pom
2018-04-04 17:56:15,011 [Worker-12] INFO  o.e.m.c.i.e.AbstractTransferListenerAdapter - Downloading http://repo.jenkins-ci.org/public/org/sonatype/sisu/inject/guice-plexus-shim/2.3.0/guice-plexus-shim-2.3.0.pom
2018-04-04 17:56:15,065 [Worker-12] INFO  o.e.m.c.i.e.AbstractTransferListenerAdapter - Downloaded http://repo.jenkins-ci.org/public/org/sonatype/sisu/inject/guice-plexus-shim/2.3.0/guice-plexus-shim-2.3.0.pom
2018-04-04 17:56:15,124 [Worker-12] INFO  o.e.m.c.i.e.AbstractTransferListenerAdapter - Downloading http://repo.jenkins-ci.org/public/org/sonatype/sisu/inject/guice-plexus-metadata/2.3.0/guice-plexus-metadata-2.3.0.pom
2018-04-04 17:56:15,179 [Worker-12] INFO  o.e.m.c.i.e.AbstractTransferListenerAdapter - Downloaded http://repo.jenkins-ci.org/public/org/sonatype/sisu/inject/guice-plexus-metadata/2.3.0/guice-plexus-metadata-2.3.0.pom
2018-04-04 17:56:15,236 [Worker-12] INFO  o.e.m.c.i.e.AbstractTransferListenerAdapter - Downloading http://repo.jenkins-ci.org/public/org/sonatype/sisu/inject/guice-plexus-converters/2.3.0/guice-plexus-converters-2.3.0.pom
2018-04-04 17:56:15,292 [Worker-12] INFO  o.e.m.c.i.e.AbstractTransferListenerAdapter - Downloaded http://repo.jenkins-ci.org/public/org/sonatype/sisu/inject/guice-plexus-converters/2.3.0/guice-plexus-converters-2.3.0.pom
2018-04-04 17:56:15,349 [Worker-12] INFO  o.e.m.c.i.e.AbstractTransferListenerAdapter - Downloading http://repo.jenkins-ci.org/public/org/sonatype/sisu/inject/guice-plexus-locators/2.3.0/guice-plexus-locators-2.3.0.pom
2018-04-04 17:56:15,452 [Worker-12] INFO  o.e.m.c.i.e.AbstractTransferListenerAdapter - Downloaded http://repo.jenkins-ci.org/public/org/sonatype/sisu/inject/guice-plexus-locators/2.3.0/guice-plexus-locators-2.3.0.pom
2018-04-04 17:56:15,509 [Worker-12] INFO  o.e.m.c.i.e.AbstractTransferListenerAdapter - Downloading http://repo.jenkins-ci.org/public/org/sonatype/sisu/inject/guice-plexus-binders/2.3.0/guice-plexus-binders-2.3.0.pom
2018-04-04 17:56:15,595 [Worker-12] INFO  o.e.m.c.i.e.AbstractTransferListenerAdapter - Downloaded http://repo.jenkins-ci.org/public/org/sonatype/sisu/inject/guice-plexus-binders/2.3.0/guice-plexus-binders-2.3.0.pom
2018-04-04 17:56:15,652 [Worker-12] INFO  o.e.m.c.i.e.AbstractTransferListenerAdapter - Downloading http://repo.jenkins-ci.org/public/org/sonatype/sisu/inject/guice-plexus-scanners/2.3.0/guice-plexus-scanners-2.3.0.pom
2018-04-04 17:56:15,710 [Worker-12] INFO  o.e.m.c.i.e.AbstractTransferListenerAdapter - Downloaded http://repo.jenkins-ci.org/public/org/sonatype/sisu/inject/guice-plexus-scanners/2.3.0/guice-plexus-scanners-2.3.0.pom
2018-04-04 17:56:15,804 [Worker-12] INFO  o.e.m.c.i.e.AbstractTransferListenerAdapter - Downloading http://repo.jenkins-ci.org/public/org/sonatype/sisu/inject/guice-plexus-lifecycles/2.3.0/guice-plexus-lifecycles-2.3.0.pom
2018-04-04 17:56:15,861 [Worker-12] INFO  o.e.m.c.i.e.AbstractTransferListenerAdapter - Downloaded http://repo.jenkins-ci.org/public/org/sonatype/sisu/inject/guice-plexus-lifecycles/2.3.0/guice-plexus-lifecycles-2.3.0.pom
2018-04-04 17:56:16,236 [Worker-12] INFO  o.e.m.c.i.l.LifecycleMappingFactory - Using org.eclipse.m2e.jdt.JarLifecycleMapping lifecycle mapping for MavenProject: org.jenkins-ci.main:jenkins-test-harness:1.610-SNAPSHOT @ /Users/BlakeSwaidner/Desktop/mp4/jenkins/test/pom.xml.
2018-04-04 17:56:16,508 [Worker-12] INFO  o.e.m.c.i.l.LifecycleMappingFactory - Using org.eclipse.m2e.jdt.JarLifecycleMapping lifecycle mapping for MavenProject: org.jenkins-ci.main:cli:1.610-SNAPSHOT @ /Users/BlakeSwaidner/Desktop/mp4/jenkins/cli/pom.xml.
2018-04-04 17:56:16,543 [Worker-12] INFO  o.e.m.c.i.l.LifecycleMappingFactory - Using NULL lifecycle mapping for MavenProject: org.jenkins-ci.plugins:plugin:1.610-SNAPSHOT @ /Users/BlakeSwaidner/Desktop/mp4/jenkins/plugins/pom.xml.
2018-04-04 17:56:23,210 [Worker-12] INFO  o.e.m.j.i.AbstractJavaProjectConfigurator - Adding source folder /cli/src/main/java
2018-04-04 17:56:23,211 [Worker-12] INFO  o.e.m.j.i.AbstractJavaProjectConfigurator - Adding resource folder /cli/src/main/resources
2018-04-04 17:56:23,213 [Worker-12] INFO  o.e.m.j.i.AbstractJavaProjectConfigurator - Adding resource folder /cli/src/filter/resources
2018-04-04 17:56:23,217 [Worker-12] INFO  o.e.m.j.i.AbstractJavaProjectConfigurator - Adding source folder /cli/src/test/java
2018-04-04 17:56:23,218 [Worker-12] INFO  o.e.m.j.i.AbstractJavaProjectConfigurator - Adding resource folder /cli/src/test/resources
2018-04-04 17:56:24,279 [Worker-12] INFO  o.e.m.j.i.AbstractJavaProjectConfigurator - Adding source folder /jenkins-core/src/main/java
2018-04-04 17:56:24,279 [Worker-12] INFO  o.e.m.j.i.AbstractJavaProjectConfigurator - Adding resource folder /jenkins-core/src/main/resources
2018-04-04 17:56:24,423 [Worker-12] INFO  o.e.m.j.i.AbstractJavaProjectConfigurator - Adding resource folder /jenkins-core/src/filter/resources
2018-04-04 17:56:24,430 [Worker-12] INFO  o.e.m.j.i.AbstractJavaProjectConfigurator - Adding source folder /jenkins-core/src/test/java
2018-04-04 17:56:24,430 [Worker-12] INFO  o.e.m.j.i.AbstractJavaProjectConfigurator - Adding resource folder /jenkins-core/src/test/resources
2018-04-04 17:56:25,090 [Worker-12] INFO  o.e.m.j.i.AbstractJavaProjectConfigurator - Adding source folder /jenkins-war/src/main/java
2018-04-04 17:56:25,091 [Worker-12] INFO  o.e.m.j.i.AbstractJavaProjectConfigurator - Adding source folder /jenkins-war/src/test/java
2018-04-04 17:56:25,497 [Worker-12] INFO  o.e.m.j.i.AbstractJavaProjectConfigurator - Adding source folder /jenkins-test-harness/src/main/java
2018-04-04 17:56:25,498 [Worker-12] INFO  o.e.m.j.i.AbstractJavaProjectConfigurator - Adding resource folder /jenkins-test-harness/src/main/resources
2018-04-04 17:56:25,513 [Worker-12] INFO  o.e.m.j.i.AbstractJavaProjectConfigurator - Adding source folder /jenkins-test-harness/src/test/java
2018-04-04 17:56:25,514 [Worker-12] INFO  o.e.m.j.i.AbstractJavaProjectConfigurator - Adding resource folder /jenkins-test-harness/src/test/resources
2018-04-04 17:56:25,885 [Worker-12] INFO  o.e.m.c.i.p.ProjectConfigurationManager - Imported and configured 6 project(s) in 24 sec
2018-04-04 17:56:27,007 [Worker-1] INFO  o.e.m.i.discovery.MavenDiscovery - No lifecyle mapping found at jar:file:/var/folders/ky/t8fwl27s3zbdrvgj75vdjdth0000gn/T/RemoteBundleDiscoveryStrategy8071885338748828483.tmp/org.eclipse.m2e.discovery.oss_catalog_1.6.jar_5799338490919392534.jar!/lifecycle%2Forg.eclipse.m2e.discovery.lifecyclemapping.m2e-egit.xml
2018-04-04 17:56:27,008 [Worker-1] WARN  o.e.m.i.discovery.MavenDiscovery - CatalogItem org.eclipse.m2e.discovery.lifecyclemapping.m2e-egit does not contain lifecycle mapping metadata
2018-04-04 17:56:27,022 [Worker-1] INFO  o.e.m.i.discovery.MavenDiscovery - No lifecyle mapping found at jar:file:/var/folders/ky/t8fwl27s3zbdrvgj75vdjdth0000gn/T/RemoteBundleDiscoveryStrategy8071885338748828483.tmp/org.eclipse.m2e.discovery.oss_catalog_1.6.jar_5799338490919392534.jar!/lifecycle%2Forg.eclipse.m2e.discovery.lifecyclemapping.m2e-subversive.xml
2018-04-04 17:56:27,022 [Worker-1] WARN  o.e.m.i.discovery.MavenDiscovery - CatalogItem org.eclipse.m2e.discovery.lifecyclemapping.m2e-subversive does not contain lifecycle mapping metadata
2018-04-04 17:56:29,241 [Worker-5] INFO  o.e.m.c.i.embedder.EclipseLogger - Maven Version: 3.3.9
2018-04-04 17:56:29,255 [Worker-5] INFO  o.e.m.c.i.embedder.EclipseLogger - JDK Version: 1.8.0_66 normalized as: 1.8.0-66
2018-04-04 17:56:29,259 [Worker-5] INFO  o.e.m.c.i.embedder.EclipseLogger - OS Info: Arch: x86_64 Family: mac Name: mac os x Version: 10.12.6
2018-04-04 17:56:29,402 [Worker-5] INFO  o.e.m.c.i.embedder.EclipseLogger - Setting property 'now' to '04/04/2018 21:56 GMT'.
2018-04-04 17:56:29,404 [Worker-5] INFO  o.e.m.c.i.embedder.EclipseLogger - Setting property 'build.version' to '1.610-SNAPSHOT (private-04/04/2018 21:56 GMT-BlakeSwaidner)'.
2018-04-04 17:56:29,682 [Worker-5] INFO  o.e.m.c.i.embedder.EclipseLogger - Using 'UTF-8' encoding to copy filtered resources.
2018-04-04 17:56:29,691 [Worker-5] INFO  o.e.m.c.i.embedder.EclipseLogger - Copying 7 resources
2018-04-04 17:56:29,708 [Worker-5] INFO  o.e.m.c.i.embedder.EclipseLogger - Copying 1 resource
2018-04-04 17:56:29,728 [Worker-5] INFO  o.e.m.c.i.embedder.EclipseLogger - Using 'UTF-8' encoding to copy filtered resources.
2018-04-04 17:56:29,729 [Worker-5] INFO  o.e.m.c.i.embedder.EclipseLogger - Copying 4 resources
2018-04-04 17:56:48,092 [Worker-2] INFO  o.e.m.c.i.embedder.EclipseLogger - Maven Version: 3.3.9
2018-04-04 17:56:48,103 [Worker-2] INFO  o.e.m.c.i.embedder.EclipseLogger - JDK Version: 1.8.0_66 normalized as: 1.8.0-66
2018-04-04 17:56:48,106 [Worker-2] INFO  o.e.m.c.i.embedder.EclipseLogger - OS Info: Arch: x86_64 Family: mac Name: mac os x Version: 10.12.6
2018-04-04 17:56:48,201 [Worker-2] INFO  o.e.m.c.i.embedder.EclipseLogger - Setting property 'now' to '04/04/2018 21:56 GMT'.
2018-04-04 17:56:48,202 [Worker-2] INFO  o.e.m.c.i.embedder.EclipseLogger - Setting property 'build.version' to '1.610-SNAPSHOT (private-04/04/2018 21:56 GMT-BlakeSwaidner)'.
2018-04-04 17:56:49,653 [Worker-2] INFO  o.e.m.c.i.embedder.EclipseLogger - Using Antlr grammar: /Users/BlakeSwaidner/Desktop/mp4/jenkins/core/src/main/grammar/crontab.g
2018-04-04 17:56:49,655 [Worker-2] INFO  o.e.m.c.i.embedder.EclipseLogger - The grammar is already generated.
2018-04-04 17:56:49,686 [Worker-2] INFO  o.e.m.c.i.embedder.EclipseLogger - Using Antlr grammar: /Users/BlakeSwaidner/Desktop/mp4/jenkins/core/src/main/grammar/labelExpr.g
2018-04-04 17:56:49,689 [Worker-2] INFO  o.e.m.c.i.embedder.EclipseLogger - The grammar is already generated.
2018-04-04 17:56:51,451 [Worker-2] INFO  o.e.m.c.i.embedder.EclipseLogger - Using 'UTF-8' encoding to copy filtered resources.
2018-04-04 17:56:51,577 [Worker-2] INFO  o.e.m.c.i.embedder.EclipseLogger - Copying 7931 resources
2018-04-04 17:56:58,063 [Worker-2] INFO  o.e.m.c.i.embedder.EclipseLogger - Copying 2 resources
2018-04-04 17:56:58,071 [Worker-2] INFO  o.e.m.c.i.embedder.EclipseLogger - Copying 2 resources
2018-04-04 17:56:58,073 [Worker-2] INFO  o.e.m.c.i.embedder.EclipseLogger - Copying 2 resources
2018-04-04 17:56:58,143 [Worker-2] INFO  o.e.m.c.i.embedder.EclipseLogger - Using 'UTF-8' encoding to copy filtered resources.
2018-04-04 17:56:58,143 [Worker-2] INFO  o.e.m.c.i.embedder.EclipseLogger - Copying 5 resources
2018-04-04 17:57:00,999 [Worker-2] INFO  o.e.m.c.i.embedder.EclipseLogger - Maven Version: 3.3.9
2018-04-04 17:57:00,999 [Worker-2] INFO  o.e.m.c.i.embedder.EclipseLogger - JDK Version: 1.8.0_66 normalized as: 1.8.0-66
2018-04-04 17:57:01,000 [Worker-2] INFO  o.e.m.c.i.embedder.EclipseLogger - OS Info: Arch: x86_64 Family: mac Name: mac os x Version: 10.12.6
2018-04-04 17:57:01,001 [Worker-2] INFO  o.e.m.c.i.embedder.EclipseLogger - Setting property 'now' to '04/04/2018 21:57 GMT'.
2018-04-04 17:57:01,002 [Worker-2] INFO  o.e.m.c.i.embedder.EclipseLogger - Setting property 'build.version' to '1.610-SNAPSHOT (private-04/04/2018 21:57 GMT-BlakeSwaidner)'.
2018-04-04 17:57:01,006 [Worker-2] INFO  o.e.m.c.i.embedder.EclipseLogger - Using 'UTF-8' encoding to copy filtered resources.
2018-04-04 17:57:01,007 [Worker-2] INFO  o.e.m.c.i.embedder.EclipseLogger - skip non existing resourceDirectory /Users/BlakeSwaidner/Desktop/mp4/jenkins/war/src/main/resources
2018-04-04 17:57:01,007 [Worker-2] INFO  o.e.m.c.i.embedder.EclipseLogger - skip non existing resourceDirectory /Users/BlakeSwaidner/Desktop/mp4/jenkins/war/src/filter/resources
2018-04-04 17:57:01,008 [Worker-2] INFO  o.e.m.c.i.embedder.EclipseLogger - Using 'UTF-8' encoding to copy filtered resources.
2018-04-04 17:57:01,008 [Worker-2] INFO  o.e.m.c.i.embedder.EclipseLogger - skip non existing resourceDirectory /Users/BlakeSwaidner/Desktop/mp4/jenkins/war/src/test/resources
2018-04-04 17:57:04,589 [Worker-0] INFO  o.e.m.c.i.embedder.EclipseLogger - Maven Version: 3.3.9
2018-04-04 17:57:04,589 [Worker-0] INFO  o.e.m.c.i.embedder.EclipseLogger - JDK Version: 1.8.0_66 normalized as: 1.8.0-66
2018-04-04 17:57:04,589 [Worker-0] INFO  o.e.m.c.i.embedder.EclipseLogger - OS Info: Arch: x86_64 Family: mac Name: mac os x Version: 10.12.6
2018-04-04 17:57:04,590 [Worker-0] INFO  o.e.m.c.i.embedder.EclipseLogger - Setting property 'now' to '04/04/2018 21:57 GMT'.
2018-04-04 17:57:04,591 [Worker-0] INFO  o.e.m.c.i.embedder.EclipseLogger - Setting property 'build.version' to '1.610-SNAPSHOT (private-04/04/2018 21:57 GMT-BlakeSwaidner)'.
2018-04-04 17:57:04,594 [Worker-0] INFO  o.e.m.c.i.embedder.EclipseLogger - Using 'UTF-8' encoding to copy filtered resources.
2018-04-04 17:57:04,595 [Worker-0] INFO  o.e.m.c.i.embedder.EclipseLogger - Copying 22 resources
2018-04-04 17:57:04,808 [Worker-0] INFO  o.e.m.c.i.embedder.EclipseLogger - skip non existing resourceDirectory /Users/BlakeSwaidner/Desktop/mp4/jenkins/test/src/filter/resources
2018-04-04 17:57:04,810 [Worker-0] INFO  o.e.m.c.i.embedder.EclipseLogger - Using 'UTF-8' encoding to copy filtered resources.
2018-04-04 17:57:04,812 [Worker-0] INFO  o.e.m.c.i.embedder.EclipseLogger - Copying 108 resources
2018-04-04 17:57:05,785 [Worker-12] INFO  o.e.m.c.i.p.ProjectConfigurationManager - Update started
2018-04-04 17:57:05,787 [Worker-12] INFO  o.e.m.c.i.p.ProjectConfigurationManager - Update completed: 0 sec
2018-04-04 17:57:46,018 [Worker-0] INFO  o.e.m.c.i.embedder.EclipseLogger - Using 'UTF-8' encoding to copy filtered resources.
2018-04-04 17:57:46,021 [Worker-0] INFO  o.e.m.c.i.embedder.EclipseLogger - Copying 0 resource
2018-04-04 17:57:46,021 [Worker-0] INFO  o.e.m.c.i.embedder.EclipseLogger - Copying 0 resource
2018-04-04 17:57:46,023 [Worker-0] INFO  o.e.m.c.i.embedder.EclipseLogger - Using 'UTF-8' encoding to copy filtered resources.
2018-04-04 17:57:46,023 [Worker-0] INFO  o.e.m.c.i.embedder.EclipseLogger - Copying 0 resource
2018-04-04 17:57:46,038 [Worker-0] INFO  o.e.m.c.i.embedder.EclipseLogger - Using 'UTF-8' encoding to copy filtered resources.
2018-04-04 17:57:46,039 [Worker-0] INFO  o.e.m.c.i.embedder.EclipseLogger - Copying 0 resource
2018-04-04 17:57:46,040 [Worker-0] INFO  o.e.m.c.i.embedder.EclipseLogger - Copying 0 resource
2018-04-04 17:57:46,041 [Worker-0] INFO  o.e.m.c.i.embedder.EclipseLogger - Using 'UTF-8' encoding to copy filtered resources.
2018-04-04 17:57:46,041 [Worker-0] INFO  o.e.m.c.i.embedder.EclipseLogger - Copying 0 resource
2018-04-04 17:57:46,050 [Worker-0] INFO  o.e.m.c.i.embedder.EclipseLogger - Using 'UTF-8' encoding to copy filtered resources.
2018-04-04 17:57:46,050 [Worker-0] INFO  o.e.m.c.i.embedder.EclipseLogger - skip non existing resourceDirectory /Users/BlakeSwaidner/Desktop/mp4/jenkins/war/src/main/resources
2018-04-04 17:57:46,050 [Worker-0] INFO  o.e.m.c.i.embedder.EclipseLogger - skip non existing resourceDirectory /Users/BlakeSwaidner/Desktop/mp4/jenkins/war/src/filter/resources
2018-04-04 17:57:46,052 [Worker-0] INFO  o.e.m.c.i.embedder.EclipseLogger - Using 'UTF-8' encoding to copy filtered resources.
2018-04-04 17:57:46,053 [Worker-0] INFO  o.e.m.c.i.embedder.EclipseLogger - skip non existing resourceDirectory /Users/BlakeSwaidner/Desktop/mp4/jenkins/war/src/test/resources
2018-04-04 17:57:47,280 [Worker-0] INFO  o.e.m.c.i.embedder.EclipseLogger - Using 'UTF-8' encoding to copy filtered resources.
2018-04-04 17:57:47,281 [Worker-0] INFO  o.e.m.c.i.embedder.EclipseLogger - Copying 0 resource
2018-04-04 17:57:47,281 [Worker-0] INFO  o.e.m.c.i.embedder.EclipseLogger - skip non existing resourceDirectory /Users/BlakeSwaidner/Desktop/mp4/jenkins/test/src/filter/resources
2018-04-04 17:57:47,284 [Worker-0] INFO  o.e.m.c.i.embedder.EclipseLogger - Using 'UTF-8' encoding to copy filtered resources.
2018-04-04 17:57:47,288 [Worker-0] INFO  o.e.m.c.i.embedder.EclipseLogger - Copying 0 resource
2018-04-04 18:06:02,968 [Worker-10] INFO  o.e.m.c.i.embedder.EclipseLogger - Using 'UTF-8' encoding to copy filtered resources.
2018-04-04 18:06:03,355 [Worker-10] INFO  o.e.m.c.i.embedder.EclipseLogger - Copying 7931 resources
2018-04-04 18:06:03,559 [Worker-10] INFO  o.e.m.c.i.embedder.EclipseLogger - Copying 2 resources
2018-04-04 18:06:03,577 [Worker-10] INFO  o.e.m.c.i.embedder.EclipseLogger - Using 'UTF-8' encoding to copy filtered resources.
2018-04-04 18:06:03,578 [Worker-10] INFO  o.e.m.c.i.embedder.EclipseLogger - Copying 0 resource
2018-04-04 18:07:01,457 [Worker-6] INFO  o.e.m.c.i.embedder.EclipseLogger - Using 'UTF-8' encoding to copy filtered resources.
2018-04-04 18:07:01,675 [Worker-6] INFO  o.e.m.c.i.embedder.EclipseLogger - Copying 7931 resources
2018-04-04 18:07:02,012 [Worker-6] INFO  o.e.m.c.i.embedder.EclipseLogger - Copying 2 resources
2018-04-04 18:07:02,015 [Worker-6] INFO  o.e.m.c.i.embedder.EclipseLogger - Using 'UTF-8' encoding to copy filtered resources.
2018-04-04 18:07:02,015 [Worker-6] INFO  o.e.m.c.i.embedder.EclipseLogger - Copying 0 resource
2018-04-04 18:10:07,351 [Worker-1] INFO  o.e.m.c.i.embedder.EclipseLogger - Using 'UTF-8' encoding to copy filtered resources.
2018-04-04 18:10:07,610 [Worker-1] INFO  o.e.m.c.i.embedder.EclipseLogger - Copying 7931 resources
2018-04-04 18:10:08,010 [Worker-1] INFO  o.e.m.c.i.embedder.EclipseLogger - Copying 2 resources
2018-04-04 18:10:08,024 [Worker-1] INFO  o.e.m.c.i.embedder.EclipseLogger - Using 'UTF-8' encoding to copy filtered resources.
2018-04-04 18:10:08,029 [Worker-1] INFO  o.e.m.c.i.embedder.EclipseLogger - Copying 0 resource
